<?xml version="1.0" encoding="UTF-8"?>
<testsuite xmlns:xsi="http://www.w3.org/2001/XMLSchema-instance" xsi:noNamespaceSchemaLocation="https://maven.apache.org/surefire/maven-surefire-plugin/xsd/surefire-test-report-3.0.xsd" version="3.0" name="TestSuite" time="94.83" tests="1" errors="0" skipped="0" failures="1">
  <properties>
    <property name="sun.desktop" value="windows"/>
    <property name="awt.toolkit" value="sun.awt.windows.WToolkit"/>
    <property name="file.encoding.pkg" value="sun.io"/>
    <property name="java.specification.version" value="1.8"/>
    <property name="sun.cpu.isalist" value="amd64"/>
    <property name="sun.jnu.encoding" value="Cp1252"/>
    <property name="java.class.path" value="C:\Users\Temp.PALC-E470-PG00W\Desktop\FALCA\JenkinTest\target\test-classes;C:\Users\Temp.PALC-E470-PG00W\Desktop\FALCA\JenkinTest\target\classes;C:\Users\Temp.PALC-E470-PG00W\.m2\repository\org\seleniumhq\selenium\selenium-java\3.141.59\selenium-java-3.141.59.jar;C:\Users\Temp.PALC-E470-PG00W\.m2\repository\org\seleniumhq\selenium\selenium-api\3.141.59\selenium-api-3.141.59.jar;C:\Users\Temp.PALC-E470-PG00W\.m2\repository\org\seleniumhq\selenium\selenium-chrome-driver\3.141.59\selenium-chrome-driver-3.141.59.jar;C:\Users\Temp.PALC-E470-PG00W\.m2\repository\org\seleniumhq\selenium\selenium-edge-driver\3.141.59\selenium-edge-driver-3.141.59.jar;C:\Users\Temp.PALC-E470-PG00W\.m2\repository\org\seleniumhq\selenium\selenium-firefox-driver\3.141.59\selenium-firefox-driver-3.141.59.jar;C:\Users\Temp.PALC-E470-PG00W\.m2\repository\org\seleniumhq\selenium\selenium-ie-driver\3.141.59\selenium-ie-driver-3.141.59.jar;C:\Users\Temp.PALC-E470-PG00W\.m2\repository\org\seleniumhq\selenium\selenium-opera-driver\3.141.59\selenium-opera-driver-3.141.59.jar;C:\Users\Temp.PALC-E470-PG00W\.m2\repository\org\seleniumhq\selenium\selenium-remote-driver\3.141.59\selenium-remote-driver-3.141.59.jar;C:\Users\Temp.PALC-E470-PG00W\.m2\repository\org\seleniumhq\selenium\selenium-safari-driver\3.141.59\selenium-safari-driver-3.141.59.jar;C:\Users\Temp.PALC-E470-PG00W\.m2\repository\org\seleniumhq\selenium\selenium-support\3.141.59\selenium-support-3.141.59.jar;C:\Users\Temp.PALC-E470-PG00W\.m2\repository\net\bytebuddy\byte-buddy\1.8.15\byte-buddy-1.8.15.jar;C:\Users\Temp.PALC-E470-PG00W\.m2\repository\org\apache\commons\commons-exec\1.3\commons-exec-1.3.jar;C:\Users\Temp.PALC-E470-PG00W\.m2\repository\com\google\guava\guava\25.0-jre\guava-25.0-jre.jar;C:\Users\Temp.PALC-E470-PG00W\.m2\repository\com\google\code\findbugs\jsr305\1.3.9\jsr305-1.3.9.jar;C:\Users\Temp.PALC-E470-PG00W\.m2\repository\org\checkerframework\checker-compat-qual\2.0.0\checker-compat-qual-2.0.0.jar;C:\Users\Temp.PALC-E470-PG00W\.m2\repository\com\google\errorprone\error_prone_annotations\2.1.3\error_prone_annotations-2.1.3.jar;C:\Users\Temp.PALC-E470-PG00W\.m2\repository\com\google\j2objc\j2objc-annotations\1.1\j2objc-annotations-1.1.jar;C:\Users\Temp.PALC-E470-PG00W\.m2\repository\org\codehaus\mojo\animal-sniffer-annotations\1.14\animal-sniffer-annotations-1.14.jar;C:\Users\Temp.PALC-E470-PG00W\.m2\repository\com\squareup\okhttp3\okhttp\3.11.0\okhttp-3.11.0.jar;C:\Users\Temp.PALC-E470-PG00W\.m2\repository\com\squareup\okio\okio\1.14.0\okio-1.14.0.jar;C:\Users\Temp.PALC-E470-PG00W\.m2\repository\io\appium\java-client\7.0.0\java-client-7.0.0.jar;C:\Users\Temp.PALC-E470-PG00W\.m2\repository\com\google\code\gson\gson\2.8.5\gson-2.8.5.jar;C:\Users\Temp.PALC-E470-PG00W\.m2\repository\org\apache\httpcomponents\httpclient\4.5.6\httpclient-4.5.6.jar;C:\Users\Temp.PALC-E470-PG00W\.m2\repository\org\apache\httpcomponents\httpcore\4.4.10\httpcore-4.4.10.jar;C:\Users\Temp.PALC-E470-PG00W\.m2\repository\commons-logging\commons-logging\1.2\commons-logging-1.2.jar;C:\Users\Temp.PALC-E470-PG00W\.m2\repository\commons-codec\commons-codec\1.10\commons-codec-1.10.jar;C:\Users\Temp.PALC-E470-PG00W\.m2\repository\cglib\cglib\3.2.8\cglib-3.2.8.jar;C:\Users\Temp.PALC-E470-PG00W\.m2\repository\org\ow2\asm\asm\6.2.1\asm-6.2.1.jar;C:\Users\Temp.PALC-E470-PG00W\.m2\repository\org\apache\ant\ant\1.10.3\ant-1.10.3.jar;C:\Users\Temp.PALC-E470-PG00W\.m2\repository\org\apache\ant\ant-launcher\1.10.3\ant-launcher-1.10.3.jar;C:\Users\Temp.PALC-E470-PG00W\.m2\repository\commons-validator\commons-validator\1.6\commons-validator-1.6.jar;C:\Users\Temp.PALC-E470-PG00W\.m2\repository\commons-beanutils\commons-beanutils\1.9.2\commons-beanutils-1.9.2.jar;C:\Users\Temp.PALC-E470-PG00W\.m2\repository\commons-digester\commons-digester\1.8.1\commons-digester-1.8.1.jar;C:\Users\Temp.PALC-E470-PG00W\.m2\repository\commons-collections\commons-collections\3.2.2\commons-collections-3.2.2.jar;C:\Users\Temp.PALC-E470-PG00W\.m2\repository\org\apache\commons\commons-lang3\3.8\commons-lang3-3.8.jar;C:\Users\Temp.PALC-E470-PG00W\.m2\repository\commons-io\commons-io\2.6\commons-io-2.6.jar;C:\Users\Temp.PALC-E470-PG00W\.m2\repository\org\springframework\spring-context\5.1.0.RELEASE\spring-context-5.1.0.RELEASE.jar;C:\Users\Temp.PALC-E470-PG00W\.m2\repository\org\springframework\spring-aop\5.1.0.RELEASE\spring-aop-5.1.0.RELEASE.jar;C:\Users\Temp.PALC-E470-PG00W\.m2\repository\org\springframework\spring-beans\5.1.0.RELEASE\spring-beans-5.1.0.RELEASE.jar;C:\Users\Temp.PALC-E470-PG00W\.m2\repository\org\springframework\spring-core\5.1.0.RELEASE\spring-core-5.1.0.RELEASE.jar;C:\Users\Temp.PALC-E470-PG00W\.m2\repository\org\springframework\spring-jcl\5.1.0.RELEASE\spring-jcl-5.1.0.RELEASE.jar;C:\Users\Temp.PALC-E470-PG00W\.m2\repository\org\springframework\spring-expression\5.1.0.RELEASE\spring-expression-5.1.0.RELEASE.jar;C:\Users\Temp.PALC-E470-PG00W\.m2\repository\org\aspectj\aspectjweaver\1.9.1\aspectjweaver-1.9.1.jar;C:\Users\Temp.PALC-E470-PG00W\.m2\repository\org\slf4j\slf4j-api\1.7.25\slf4j-api-1.7.25.jar;C:\Users\Temp.PALC-E470-PG00W\.m2\repository\org\testng\testng\6.14.3\testng-6.14.3.jar;C:\Users\Temp.PALC-E470-PG00W\.m2\repository\com\beust\jcommander\1.72\jcommander-1.72.jar;C:\Users\Temp.PALC-E470-PG00W\.m2\repository\org\apache-extras\beanshell\bsh\2.0b6\bsh-2.0b6.jar;"/>
    <property name="java.vm.vendor" value="Oracle Corporation"/>
    <property name="sun.arch.data.model" value="64"/>
    <property name="user.variant" value=""/>
    <property name="java.vendor.url" value="http://java.oracle.com/"/>
    <property name="user.timezone" value="Asia/Calcutta"/>
    <property name="java.vm.specification.version" value="1.8"/>
    <property name="os.name" value="Windows 10"/>
    <property name="user.country" value="GB"/>
    <property name="sun.java.launcher" value="SUN_STANDARD"/>
    <property name="sun.boot.library.path" value="C:\Program Files\Java\jre1.8.0_161\bin"/>
    <property name="sun.java.command" value="C:\Users\Temp.PALC-E470-PG00W\AppData\Local\Temp\surefire76545442347428344\surefirebooter2446988080800363324.jar C:\Users\Temp.PALC-E470-PG00W\AppData\Local\Temp\surefire76545442347428344 2019-09-26T12-39-01_044-jvmRun1 surefire5108056497165520207tmp surefire_04494856343245760007tmp"/>
    <property name="surefire.test.class.path" value="C:\Users\Temp.PALC-E470-PG00W\Desktop\FALCA\JenkinTest\target\test-classes;C:\Users\Temp.PALC-E470-PG00W\Desktop\FALCA\JenkinTest\target\classes;C:\Users\Temp.PALC-E470-PG00W\.m2\repository\org\seleniumhq\selenium\selenium-java\3.141.59\selenium-java-3.141.59.jar;C:\Users\Temp.PALC-E470-PG00W\.m2\repository\org\seleniumhq\selenium\selenium-api\3.141.59\selenium-api-3.141.59.jar;C:\Users\Temp.PALC-E470-PG00W\.m2\repository\org\seleniumhq\selenium\selenium-chrome-driver\3.141.59\selenium-chrome-driver-3.141.59.jar;C:\Users\Temp.PALC-E470-PG00W\.m2\repository\org\seleniumhq\selenium\selenium-edge-driver\3.141.59\selenium-edge-driver-3.141.59.jar;C:\Users\Temp.PALC-E470-PG00W\.m2\repository\org\seleniumhq\selenium\selenium-firefox-driver\3.141.59\selenium-firefox-driver-3.141.59.jar;C:\Users\Temp.PALC-E470-PG00W\.m2\repository\org\seleniumhq\selenium\selenium-ie-driver\3.141.59\selenium-ie-driver-3.141.59.jar;C:\Users\Temp.PALC-E470-PG00W\.m2\repository\org\seleniumhq\selenium\selenium-opera-driver\3.141.59\selenium-opera-driver-3.141.59.jar;C:\Users\Temp.PALC-E470-PG00W\.m2\repository\org\seleniumhq\selenium\selenium-remote-driver\3.141.59\selenium-remote-driver-3.141.59.jar;C:\Users\Temp.PALC-E470-PG00W\.m2\repository\org\seleniumhq\selenium\selenium-safari-driver\3.141.59\selenium-safari-driver-3.141.59.jar;C:\Users\Temp.PALC-E470-PG00W\.m2\repository\org\seleniumhq\selenium\selenium-support\3.141.59\selenium-support-3.141.59.jar;C:\Users\Temp.PALC-E470-PG00W\.m2\repository\net\bytebuddy\byte-buddy\1.8.15\byte-buddy-1.8.15.jar;C:\Users\Temp.PALC-E470-PG00W\.m2\repository\org\apache\commons\commons-exec\1.3\commons-exec-1.3.jar;C:\Users\Temp.PALC-E470-PG00W\.m2\repository\com\google\guava\guava\25.0-jre\guava-25.0-jre.jar;C:\Users\Temp.PALC-E470-PG00W\.m2\repository\com\google\code\findbugs\jsr305\1.3.9\jsr305-1.3.9.jar;C:\Users\Temp.PALC-E470-PG00W\.m2\repository\org\checkerframework\checker-compat-qual\2.0.0\checker-compat-qual-2.0.0.jar;C:\Users\Temp.PALC-E470-PG00W\.m2\repository\com\google\errorprone\error_prone_annotations\2.1.3\error_prone_annotations-2.1.3.jar;C:\Users\Temp.PALC-E470-PG00W\.m2\repository\com\google\j2objc\j2objc-annotations\1.1\j2objc-annotations-1.1.jar;C:\Users\Temp.PALC-E470-PG00W\.m2\repository\org\codehaus\mojo\animal-sniffer-annotations\1.14\animal-sniffer-annotations-1.14.jar;C:\Users\Temp.PALC-E470-PG00W\.m2\repository\com\squareup\okhttp3\okhttp\3.11.0\okhttp-3.11.0.jar;C:\Users\Temp.PALC-E470-PG00W\.m2\repository\com\squareup\okio\okio\1.14.0\okio-1.14.0.jar;C:\Users\Temp.PALC-E470-PG00W\.m2\repository\io\appium\java-client\7.0.0\java-client-7.0.0.jar;C:\Users\Temp.PALC-E470-PG00W\.m2\repository\com\google\code\gson\gson\2.8.5\gson-2.8.5.jar;C:\Users\Temp.PALC-E470-PG00W\.m2\repository\org\apache\httpcomponents\httpclient\4.5.6\httpclient-4.5.6.jar;C:\Users\Temp.PALC-E470-PG00W\.m2\repository\org\apache\httpcomponents\httpcore\4.4.10\httpcore-4.4.10.jar;C:\Users\Temp.PALC-E470-PG00W\.m2\repository\commons-logging\commons-logging\1.2\commons-logging-1.2.jar;C:\Users\Temp.PALC-E470-PG00W\.m2\repository\commons-codec\commons-codec\1.10\commons-codec-1.10.jar;C:\Users\Temp.PALC-E470-PG00W\.m2\repository\cglib\cglib\3.2.8\cglib-3.2.8.jar;C:\Users\Temp.PALC-E470-PG00W\.m2\repository\org\ow2\asm\asm\6.2.1\asm-6.2.1.jar;C:\Users\Temp.PALC-E470-PG00W\.m2\repository\org\apache\ant\ant\1.10.3\ant-1.10.3.jar;C:\Users\Temp.PALC-E470-PG00W\.m2\repository\org\apache\ant\ant-launcher\1.10.3\ant-launcher-1.10.3.jar;C:\Users\Temp.PALC-E470-PG00W\.m2\repository\commons-validator\commons-validator\1.6\commons-validator-1.6.jar;C:\Users\Temp.PALC-E470-PG00W\.m2\repository\commons-beanutils\commons-beanutils\1.9.2\commons-beanutils-1.9.2.jar;C:\Users\Temp.PALC-E470-PG00W\.m2\repository\commons-digester\commons-digester\1.8.1\commons-digester-1.8.1.jar;C:\Users\Temp.PALC-E470-PG00W\.m2\repository\commons-collections\commons-collections\3.2.2\commons-collections-3.2.2.jar;C:\Users\Temp.PALC-E470-PG00W\.m2\repository\org\apache\commons\commons-lang3\3.8\commons-lang3-3.8.jar;C:\Users\Temp.PALC-E470-PG00W\.m2\repository\commons-io\commons-io\2.6\commons-io-2.6.jar;C:\Users\Temp.PALC-E470-PG00W\.m2\repository\org\springframework\spring-context\5.1.0.RELEASE\spring-context-5.1.0.RELEASE.jar;C:\Users\Temp.PALC-E470-PG00W\.m2\repository\org\springframework\spring-aop\5.1.0.RELEASE\spring-aop-5.1.0.RELEASE.jar;C:\Users\Temp.PALC-E470-PG00W\.m2\repository\org\springframework\spring-beans\5.1.0.RELEASE\spring-beans-5.1.0.RELEASE.jar;C:\Users\Temp.PALC-E470-PG00W\.m2\repository\org\springframework\spring-core\5.1.0.RELEASE\spring-core-5.1.0.RELEASE.jar;C:\Users\Temp.PALC-E470-PG00W\.m2\repository\org\springframework\spring-jcl\5.1.0.RELEASE\spring-jcl-5.1.0.RELEASE.jar;C:\Users\Temp.PALC-E470-PG00W\.m2\repository\org\springframework\spring-expression\5.1.0.RELEASE\spring-expression-5.1.0.RELEASE.jar;C:\Users\Temp.PALC-E470-PG00W\.m2\repository\org\aspectj\aspectjweaver\1.9.1\aspectjweaver-1.9.1.jar;C:\Users\Temp.PALC-E470-PG00W\.m2\repository\org\slf4j\slf4j-api\1.7.25\slf4j-api-1.7.25.jar;C:\Users\Temp.PALC-E470-PG00W\.m2\repository\org\testng\testng\6.14.3\testng-6.14.3.jar;C:\Users\Temp.PALC-E470-PG00W\.m2\repository\com\beust\jcommander\1.72\jcommander-1.72.jar;C:\Users\Temp.PALC-E470-PG00W\.m2\repository\org\apache-extras\beanshell\bsh\2.0b6\bsh-2.0b6.jar;"/>
    <property name="sun.cpu.endian" value="little"/>
    <property name="user.home" value="C:\Users\Temp.PALC-E470-PG00W"/>
    <property name="user.language" value="en"/>
    <property name="java.specification.vendor" value="Oracle Corporation"/>
    <property name="java.home" value="C:\Program Files\Java\jre1.8.0_161"/>
    <property name="basedir" value="C:\Users\Temp.PALC-E470-PG00W\Desktop\FALCA\JenkinTest"/>
    <property name="file.separator" value="\"/>
    <property name="line.separator" value="&#10;"/>
    <property name="java.vm.specification.vendor" value="Oracle Corporation"/>
    <property name="java.specification.name" value="Java Platform API Specification"/>
    <property name="java.awt.graphicsenv" value="sun.awt.Win32GraphicsEnvironment"/>
    <property name="surefire.real.class.path" value="C:\Users\Temp.PALC-E470-PG00W\AppData\Local\Temp\surefire76545442347428344\surefirebooter2446988080800363324.jar"/>
    <property name="sun.boot.class.path" value="C:\Program Files\Java\jre1.8.0_161\lib\resources.jar;C:\Program Files\Java\jre1.8.0_161\lib\rt.jar;C:\Program Files\Java\jre1.8.0_161\lib\sunrsasign.jar;C:\Program Files\Java\jre1.8.0_161\lib\jsse.jar;C:\Program Files\Java\jre1.8.0_161\lib\jce.jar;C:\Program Files\Java\jre1.8.0_161\lib\charsets.jar;C:\Program Files\Java\jre1.8.0_161\lib\jfr.jar;C:\Program Files\Java\jre1.8.0_161\classes"/>
    <property name="user.script" value=""/>
    <property name="sun.management.compiler" value="HotSpot 64-Bit Tiered Compilers"/>
    <property name="java.runtime.version" value="1.8.0_161-b12"/>
    <property name="user.name" value="Temp"/>
    <property name="path.separator" value=";"/>
    <property name="os.version" value="10.0"/>
    <property name="java.endorsed.dirs" value="C:\Program Files\Java\jre1.8.0_161\lib\endorsed"/>
    <property name="java.runtime.name" value="Java(TM) SE Runtime Environment"/>
    <property name="file.encoding" value="Cp1252"/>
    <property name="java.vm.name" value="Java HotSpot(TM) 64-Bit Server VM"/>
    <property name="localRepository" value="C:\Users\Temp.PALC-E470-PG00W\.m2\repository"/>
    <property name="java.vendor.url.bug" value="http://bugreport.sun.com/bugreport/"/>
    <property name="java.io.tmpdir" value="C:\Users\TEMP~1.PAL\AppData\Local\Temp\"/>
    <property name="java.version" value="1.8.0_161"/>
    <property name="user.dir" value="C:\Users\Temp.PALC-E470-PG00W\Desktop\FALCA\JenkinTest"/>
    <property name="os.arch" value="amd64"/>
    <property name="java.vm.specification.name" value="Java Virtual Machine Specification"/>
    <property name="java.awt.printerjob" value="sun.awt.windows.WPrinterJob"/>
    <property name="sun.os.patch.level" value=""/>
    <property name="java.library.path" value="C:\Program Files\Java\jre1.8.0_161\bin;C:\WINDOWS\Sun\Java\bin;C:\WINDOWS\system32;C:\WINDOWS;C:/Program Files/Java/jre1.8.0_161/bin/server;C:/Program Files/Java/jre1.8.0_161/bin;C:/Program Files/Java/jre1.8.0_161/lib/amd64;C:\ProgramData\Oracle\Java\javapath;C:\Program Files (x86)\Intel\iCLS Client\;C:\Program Files\Intel\iCLS Client\;C:\WINDOWS\system32;C:\WINDOWS;C:\WINDOWS\System32\Wbem;C:\WINDOWS\System32\WindowsPowerShell\v1.0\;C:\Program Files (x86)\Intel\Intel(R) Management Engine Components\DAL;C:\Program Files\Intel\Intel(R) Management Engine Components\DAL;C:\Program Files (x86)\Intel\Intel(R) Management Engine Components\IPT;C:\Program Files\Intel\Intel(R) Management Engine Components\IPT;C:\ProgramData\chocolatey\bin;C:\Program Files (x86)\Windows Kits\8.1\Windows Performance Toolkit\;C:\xampp\php;C:\Program Files\PuTTY\;C:\WINDOWS\System32\OpenSSH\;C:\Program Files\nodejs\;C:\Users\Temp.PALC-E470-PG00W\AppData\Local\Android\android-sdk\tools;C:\Users\Temp.PALC-E470-PG00W\AppData\Local\Android\android-sdk\platform-tools;C:\Users\Temp.PALC-E470-PG00W\AppData\Local\Android\Sdk\tools\bin;C:\Users\Temp.PALC-E470-PG00W\AppData\Local\Android\Sdk\tools;C:\Users\Temp.PALC-E470-PG00W\AppData\Local\Android\Sdk\platform-tools;C:\Program Files\Git\cmd;C:\Users\Temp.PALC-E470-PG00W\AppData\Local\Programs\Python\Python37-32;C:\Users\Temp.PALC-E470-PG00W\AppData\Local\Programs\Python\Python37-32\Scripts;C:\Program Files\MongoDB\Server\4.0\bin;D:\meteor-bootstrap-os.windows.x86_32\.meteor;C:\Program Files\MySQL\MySQL Shell 8.0\bin\;C:\Users\Temp.PALC-E470-PG00W\AppData\Local\.meteor;;C:\Users\Temp.PALC-E470-PG00W\AppData\Local\Microsoft\WindowsApps;C:\Users\Temp.PALC-E470-PG00W\Desktop\eclipse;;."/>
    <property name="java.vm.info" value="mixed mode"/>
    <property name="java.vendor" value="Oracle Corporation"/>
    <property name="java.vm.version" value="25.161-b12"/>
    <property name="java.ext.dirs" value="C:\Program Files\Java\jre1.8.0_161\lib\ext;C:\WINDOWS\Sun\Java\lib\ext"/>
    <property name="sun.io.unicode.encoding" value="UnicodeLittle"/>
    <property name="java.class.version" value="52.0"/>
  </properties>
  <testcase name="FarmerRegistration" classname="Script.mobile" time="77.572">
    <failure message="Unable to create a new remote session. Please check the server log for more details. Original error: An unknown server-side error occurred while processing the command. Original error: Error occured while starting AndroidBootstrap. Original error: Error: Error executing adbExec. Original error: &apos;Command &apos;C\:\\Users\\Temp.PALC-E470-PG00W\\AppData\\Local\\Android\\Sdk\\platform-tools\\adb.exe -P 5037 -s 172.27.1.68\:5555 push C\:\\Users\\Temp.PALC-E470-PG00W\\AppData\\Local\\Programs\\Appium\\resources\\app\\node_modules\\appium\\node_modules\\appium-android-driver\\bootstrap\\bin\\AppiumBootstrap.jar /data/local/tmp/&apos; timed out after 20000ms&apos;. Try to increase the 20000ms adb execution timeout represented by &apos;adbExecTimeout&apos; capability&#10;Build info: version: &apos;3.141.59&apos;, revision: &apos;e82be7d358&apos;, time: &apos;2018-11-14T08:17:03&apos;&#10;System info: host: &apos;PALC-E470-PG00W&apos;, ip: &apos;192.168.220.2&apos;, os.name: &apos;Windows 10&apos;, os.arch: &apos;amd64&apos;, os.version: &apos;10.0&apos;, java.version: &apos;1.8.0_161&apos;&#10;Driver info: driver.version: AndroidDriver&#10;remote stacktrace: UnknownError: An unknown server-side error occurred while processing the command. Original error: Error occured while starting AndroidBootstrap. Original error: Error: Error executing adbExec. Original error: &apos;Command &apos;C\:\\Users\\Temp.PALC-E470-PG00W\\AppData\\Local\\Android\\Sdk\\platform-tools\\adb.exe -P 5037 -s 172.27.1.68\:5555 push C\:\\Users\\Temp.PALC-E470-PG00W\\AppData\\Local\\Programs\\Appium\\resources\\app\\node_modules\\appium\\node_modules\\appium-android-driver\\bootstrap\\bin\\AppiumBootstrap.jar /data/local/tmp/&apos; timed out after 20000ms&apos;. Try to increase the 20000ms adb execution timeout represented by &apos;adbExecTimeout&apos; capability&#10;    at getResponseForW3CError (C:\Users\Temp.PALC-E470-PG00W\AppData\Local\Programs\Appium\resources\app\node_modules\appium\node_modules\appium-base-driver\lib\protocol\errors.js:826:9)&#10;    at asyncHandler (C:\Users\Temp.PALC-E470-PG00W\AppData\Local\Programs\Appium\resources\app\node_modules\appium\node_modules\appium-base-driver\lib\protocol\protocol.js:447:37)&#10;    at process._tickCallback (internal/process/next_tick.js:68:7)&#10;Build info: version: &apos;3.141.59&apos;, revision: &apos;e82be7d358&apos;, time: &apos;2018-11-14T08:17:03&apos;&#10;System info: host: &apos;PALC-E470-PG00W&apos;, ip: &apos;192.168.220.2&apos;, os.name: &apos;Windows 10&apos;, os.arch: &apos;amd64&apos;, os.version: &apos;10.0&apos;, java.version: &apos;1.8.0_161&apos;&#10;Driver info: driver.version: AndroidDriver" type="org.openqa.selenium.SessionNotCreatedException">org.openqa.selenium.SessionNotCreatedException: 
Unable to create a new remote session. Please check the server log for more details. Original error: An unknown server-side error occurred while processing the command. Original error: Error occured while starting AndroidBootstrap. Original error: Error: Error executing adbExec. Original error: 'Command 'C\:\\Users\\Temp.PALC-E470-PG00W\\AppData\\Local\\Android\\Sdk\\platform-tools\\adb.exe -P 5037 -s 172.27.1.68\:5555 push C\:\\Users\\Temp.PALC-E470-PG00W\\AppData\\Local\\Programs\\Appium\\resources\\app\\node_modules\\appium\\node_modules\\appium-android-driver\\bootstrap\\bin\\AppiumBootstrap.jar /data/local/tmp/' timed out after 20000ms'. Try to increase the 20000ms adb execution timeout represented by 'adbExecTimeout' capability
Build info: version: '3.141.59', revision: 'e82be7d358', time: '2018-11-14T08:17:03'
System info: host: 'PALC-E470-PG00W', ip: '192.168.220.2', os.name: 'Windows 10', os.arch: 'amd64', os.version: '10.0', java.version: '1.8.0_161'
Driver info: driver.version: AndroidDriver
remote stacktrace: UnknownError: An unknown server-side error occurred while processing the command. Original error: Error occured while starting AndroidBootstrap. Original error: Error: Error executing adbExec. Original error: 'Command 'C\:\\Users\\Temp.PALC-E470-PG00W\\AppData\\Local\\Android\\Sdk\\platform-tools\\adb.exe -P 5037 -s 172.27.1.68\:5555 push C\:\\Users\\Temp.PALC-E470-PG00W\\AppData\\Local\\Programs\\Appium\\resources\\app\\node_modules\\appium\\node_modules\\appium-android-driver\\bootstrap\\bin\\AppiumBootstrap.jar /data/local/tmp/' timed out after 20000ms'. Try to increase the 20000ms adb execution timeout represented by 'adbExecTimeout' capability
    at getResponseForW3CError (C:\Users\Temp.PALC-E470-PG00W\AppData\Local\Programs\Appium\resources\app\node_modules\appium\node_modules\appium-base-driver\lib\protocol\errors.js:826:9)
    at asyncHandler (C:\Users\Temp.PALC-E470-PG00W\AppData\Local\Programs\Appium\resources\app\node_modules\appium\node_modules\appium-base-driver\lib\protocol\protocol.js:447:37)
    at process._tickCallback (internal/process/next_tick.js:68:7)
Build info: version: '3.141.59', revision: 'e82be7d358', time: '2018-11-14T08:17:03'
System info: host: 'PALC-E470-PG00W', ip: '192.168.220.2', os.name: 'Windows 10', os.arch: 'amd64', os.version: '10.0', java.version: '1.8.0_161'
Driver info: driver.version: AndroidDriver
	at Script.mobile.FarmerRegistration(mobile.java:27)
Caused by: java.lang.reflect.InvocationTargetException
	at Script.mobile.FarmerRegistration(mobile.java:27)
Caused by: org.openqa.selenium.WebDriverException: 
An unknown server-side error occurred while processing the command. Original error: Error occured while starting AndroidBootstrap. Original error: Error: Error executing adbExec. Original error: 'Command 'C\:\\Users\\Temp.PALC-E470-PG00W\\AppData\\Local\\Android\\Sdk\\platform-tools\\adb.exe -P 5037 -s 172.27.1.68\:5555 push C\:\\Users\\Temp.PALC-E470-PG00W\\AppData\\Local\\Programs\\Appium\\resources\\app\\node_modules\\appium\\node_modules\\appium-android-driver\\bootstrap\\bin\\AppiumBootstrap.jar /data/local/tmp/' timed out after 20000ms'. Try to increase the 20000ms adb execution timeout represented by 'adbExecTimeout' capability
Build info: version: '3.141.59', revision: 'e82be7d358', time: '2018-11-14T08:17:03'
System info: host: 'PALC-E470-PG00W', ip: '192.168.220.2', os.name: 'Windows 10', os.arch: 'amd64', os.version: '10.0', java.version: '1.8.0_161'
Driver info: driver.version: AndroidDriver
remote stacktrace: UnknownError: An unknown server-side error occurred while processing the command. Original error: Error occured while starting AndroidBootstrap. Original error: Error: Error executing adbExec. Original error: 'Command 'C\:\\Users\\Temp.PALC-E470-PG00W\\AppData\\Local\\Android\\Sdk\\platform-tools\\adb.exe -P 5037 -s 172.27.1.68\:5555 push C\:\\Users\\Temp.PALC-E470-PG00W\\AppData\\Local\\Programs\\Appium\\resources\\app\\node_modules\\appium\\node_modules\\appium-android-driver\\bootstrap\\bin\\AppiumBootstrap.jar /data/local/tmp/' timed out after 20000ms'. Try to increase the 20000ms adb execution timeout represented by 'adbExecTimeout' capability
    at getResponseForW3CError (C:\Users\Temp.PALC-E470-PG00W\AppData\Local\Programs\Appium\resources\app\node_modules\appium\node_modules\appium-base-driver\lib\protocol\errors.js:826:9)
    at asyncHandler (C:\Users\Temp.PALC-E470-PG00W\AppData\Local\Programs\Appium\resources\app\node_modules\appium\node_modules\appium-base-driver\lib\protocol\protocol.js:447:37)
    at process._tickCallback (internal/process/next_tick.js:68:7)
	at Script.mobile.FarmerRegistration(mobile.java:27)
</failure>
    <system-out><![CDATA[entered webbase
Driver opened and max
Entered inside mobile class
]]></system-out>
    <system-err><![CDATA[Starting ChromeDriver 76.0.3809.68 (420c9498db8ce8fcd190a954d51297672c1515d5-refs/branch-heads/3809@{#864}) on port 21386
Only local connections are allowed.
Please protect ports used by ChromeDriver and related test frameworks to prevent access by malicious code.
[1569481750.516][WARNING]: This version of ChromeDriver has not been tested with Chrome version 77.
[1569481752.535][WARNING]: Timed out connecting to Chrome, retrying...
Sep 26, 2019 12:39:14 PM org.openqa.selenium.remote.ProtocolHandshake createSession
INFO: Detected dialect: W3C
[1569481756.709][WARNING]: Timed out connecting to Chrome, retrying...
]]></system-err>
  </testcase>
</testsuite>