<?xml version="1.0" encoding="UTF-8"?>
<!-- Generated by org.testng.reporters.JUnitReportReporter -->
<testsuite skipped="0" hostname="PalC-E470-PG00WJ6D" name="Script.jenkin" tests="1" failures="0" timestamp="11 May 2020 05:42:30 GMT" time="40.133" errors="0">
  <testcase name="google" time="40.133" classname="Script.jenkin"/>
</testsuite> <!-- Script.jenkin -->
