<?xml version="1.0" encoding="UTF-8"?>
<!-- Generated by org.testng.reporters.JUnitReportReporter -->
<testsuite hostname="PalC-E470-PG00WJ6D" name="Script.jenkin" tests="1" failures="0" timestamp="17 Sep 2019 06:02:08 GMT" time="11.173" errors="0">
  <testcase name="google" time="11.173" classname="Script.jenkin"/>
</testsuite> <!-- Script.jenkin -->
