<?xml version="1.0" encoding="UTF-8"?>
<!-- Generated by org.testng.reporters.JUnitReportReporter -->
<testsuite skipped="0" hostname="PalC-E470-PG00WJ6D" name="Script.jenkin" tests="1" failures="0" timestamp="17 Mar 2020 03:06:39 GMT" time="11.603" errors="0">
  <testcase name="google" time="11.603" classname="Script.jenkin"/>
</testsuite> <!-- Script.jenkin -->
