<?xml version="1.0" encoding="UTF-8"?>
<!-- Generated by org.testng.reporters.JUnitReportReporter -->
<testsuite skipped="0" hostname="PalC-E470-PG00WJ6D" name="Script.jenkin" tests="1" failures="0" timestamp="20 Sep 2019 07:56:59 GMT" time="10.694" errors="0">
  <testcase name="google" time="10.694" classname="Script.jenkin"/>
</testsuite> <!-- Script.jenkin -->
