<?xml version="1.0" encoding="UTF-8"?>
<!-- Generated by org.testng.reporters.JUnitReportReporter -->
<testsuite skipped="0" hostname="PalC-E470-PG00WJ6D" name="Script.jenkin" tests="1" failures="0" timestamp="18 Sep 2019 07:53:58 GMT" time="10.311" errors="0">
  <testcase name="google" time="10.311" classname="Script.jenkin"/>
</testsuite> <!-- Script.jenkin -->
