<?xml version="1.0" encoding="UTF-8"?>
<!-- Generated by org.testng.reporters.JUnitReportReporter -->
<testsuite skipped="0" hostname="PalC-E470-PG00WJ6D" name="Script.mobile" tests="1" failures="0" timestamp="26 Sep 2019 07:33:56 GMT" time="47.698" errors="0">
  <testcase name="FarmerRegistration" time="47.698" classname="Script.mobile"/>
</testsuite> <!-- Script.mobile -->
