<?xml version="1.0" encoding="UTF-8"?>
<!-- Generated by org.testng.reporters.JUnitReportReporter -->
<testsuite skipped="0" hostname="PalC-E470-PG00WJ6D" name="Script.mobile" tests="1" failures="0" timestamp="20 Sep 2019 08:06:41 GMT" time="28.082" errors="0">
  <testcase name="FarmerRegistration" time="28.082" classname="Script.mobile"/>
</testsuite> <!-- Script.mobile -->
