<?xml version="1.0" encoding="UTF-8"?>
<!-- Generated by org.testng.reporters.JUnitReportReporter -->
<testsuite skipped="0" hostname="PalC-E470-PG00WJ6D" name="Script.jenkin" tests="1" failures="0" timestamp="17 Sep 2019 06:10:54 GMT" time="19.349" errors="0">
  <testcase name="google" time="19.349" classname="Script.jenkin"/>
</testsuite> <!-- Script.jenkin -->
